<?xml version="1.0" encoding="UTF-8"?>
<testng-results skipped="0" failed="0" ignored="0" total="1" passed="1">
  <reporter-output>
  </reporter-output>
  <suite name="Suite" duration-ms="15758" started-at="2021-04-25T22:09:58 BST" finished-at="2021-04-25T22:10:13 BST">
    <groups>
    </groups>
    <test name="Test" duration-ms="15758" started-at="2021-04-25T22:09:58 BST" finished-at="2021-04-25T22:10:13 BST">
      <class name="home.insurance.HomeInsuranceQuote">
        <test-method status="PASS" signature="startReport()[pri:0, instance:home.insurance.HomeInsuranceQuote@50d0686]" name="startReport" is-config="true" duration-ms="116" started-at="2021-04-25T22:09:58 BST" finished-at="2021-04-25T22:09:58 BST">
          <reporter-output>
          </reporter-output>
        </test-method> <!-- startReport -->
        <test-method status="PASS" signature="startApp()[pri:0, instance:home.insurance.HomeInsuranceQuote@50d0686]" name="startApp" is-config="true" duration-ms="5946" started-at="2021-04-25T22:09:58 BST" finished-at="2021-04-25T22:10:04 BST">
          <reporter-output>
          </reporter-output>
        </test-method> <!-- startApp -->
        <test-method status="PASS" signature="setTestDetails()[pri:0, instance:home.insurance.HomeInsuranceQuote@50d0686]" name="setTestDetails" is-config="true" duration-ms="0" started-at="2021-04-25T22:10:04 BST" depends-on-methods="base.BaseClass.startApp" finished-at="2021-04-25T22:10:04 BST">
          <reporter-output>
          </reporter-output>
        </test-method> <!-- setTestDetails -->
        <test-method status="PASS" signature="createReport()[pri:0, instance:home.insurance.HomeInsuranceQuote@50d0686]" name="createReport" is-config="true" duration-ms="15" started-at="2021-04-25T22:10:04 BST" finished-at="2021-04-25T22:10:04 BST">
          <reporter-output>
          </reporter-output>
        </test-method> <!-- createReport -->
        <test-method status="PASS" signature="enterInputForHomeInsuranceQuote(java.lang.String, java.lang.String, java.lang.String, java.lang.String, java.lang.String, java.lang.String, java.lang.String, java.lang.String, java.lang.String, java.lang.String, java.lang.String, java.lang.String, java.lang.String, java.lang.String, java.lang.String, java.lang.String, java.lang.String, java.lang.String, java.lang.String, java.lang.String, java.lang.String, java.lang.String, java.lang.String)[pri:0, instance:home.insurance.HomeInsuranceQuote@50d0686]" name="enterInputForHomeInsuranceQuote" duration-ms="9239" started-at="2021-04-25T22:10:04 BST" data-provider="fetchData" finished-at="2021-04-25T22:10:13 BST">
          <params>
            <param index="0">
              <value>
                <![CDATA[mrs]]>
              </value>
            </param>
            <param index="1">
              <value>
                <![CDATA[TestFirstName]]>
              </value>
            </param>
            <param index="2">
              <value>
                <![CDATA[TestLastName]]>
              </value>
            </param>
            <param index="3">
              <value>
                <![CDATA[20]]>
              </value>
            </param>
            <param index="4">
              <value>
                <![CDATA[3]]>
              </value>
            </param>
            <param index="5">
              <value>
                <![CDATA[1990]]>
              </value>
            </param>
            <param index="6">
              <value>
                <![CDATA[married]]>
              </value>
            </param>
            <param index="7">
              <value>
                <![CDATA[Software Engineer]]>
              </value>
            </param>
            <param index="8">
              <value>
                <![CDATA[Music Teacher]]>
              </value>
            </param>
            <param index="9">
              <value>
                <![CDATA[7855496332]]>
              </value>
            </param>
            <param index="10">
              <value>
                <![CDATA[Test@test.com]]>
              </value>
            </param>
            <param index="11">
              <value>
                <![CDATA[1]]>
              </value>
            </param>
            <param index="12">
              <value>
                <![CDATA[TW135EQ]]>
              </value>
            </param>
            <param index="13">
              <value>
                <![CDATA[house]]>
              </value>
            </param>
            <param index="14">
              <value>
                <![CDATA[detached]]>
              </value>
            </param>
            <param index="15">
              <value>
                <![CDATA[1987]]>
              </value>
            </param>
            <param index="16">
              <value>
                <![CDATA[3]]>
              </value>
            </param>
            <param index="17">
              <value>
                <![CDATA[2]]>
              </value>
            </param>
            <param index="18">
              <value>
                <![CDATA[mortgaged]]>
              </value>
            </param>
            <param index="19">
              <value>
                <![CDATA[you_and_family]]>
              </value>
            </param>
            <param index="20">
              <value>
                <![CDATA[2]]>
              </value>
            </param>
            <param index="21">
              <value>
                <![CDATA[1]]>
              </value>
            </param>
            <param index="22">
              <value>
                <![CDATA[occupied_day_and_night]]>
              </value>
            </param>
          </params>
          <reporter-output>
          </reporter-output>
        </test-method> <!-- enterInputForHomeInsuranceQuote -->
        <test-method status="PASS" signature="stopReport()[pri:0, instance:home.insurance.HomeInsuranceQuote@50d0686]" name="stopReport" is-config="true" duration-ms="300" started-at="2021-04-25T22:10:13 BST" finished-at="2021-04-25T22:10:14 BST">
          <reporter-output>
          </reporter-output>
        </test-method> <!-- stopReport -->
      </class> <!-- home.insurance.HomeInsuranceQuote -->
    </test> <!-- Test -->
  </suite> <!-- Suite -->
</testng-results>
