<?xml version="1.0" encoding="UTF-8"?>
<!-- Generated by org.testng.reporters.JUnitXMLReporter -->
<testsuite hostname="WGC1002WT1F63" name="Default test" tests="2" failures="0" timestamp="3 Feb 2021 15:53:27 GMT" time="4.515" errors="0">
  <testcase name="basicAuthenticationExample" time="3.07" classname="com.ford.auto.RestAssuredSample.RESTAssured_AuthenticationExample"/>
  <testcase name="preemptiveBasicAuthenticationExample" time="1.434" classname="com.ford.auto.RestAssuredSample.RESTAssured_AuthenticationExample"/>
</testsuite> <!-- Default test -->
