<?xml version="1.0" encoding="UTF-8"?>
<testng-results skipped="0" failed="0" total="2" passed="2">
  <reporter-output>
  </reporter-output>
  <suite name="Default suite" duration-ms="4515" started-at="2021-02-03T15:53:22Z" finished-at="2021-02-03T15:53:27Z">
    <groups>
    </groups>
    <test name="Default test" duration-ms="4515" started-at="2021-02-03T15:53:22Z" finished-at="2021-02-03T15:53:27Z">
      <class name="com.ford.auto.RestAssuredSample.RESTAssured_AuthenticationExample">
        <test-method status="PASS" signature="basicAuthenticationExample()[pri:0, instance:com.ford.auto.RestAssuredSample.RESTAssured_AuthenticationExample@7d417077]" name="basicAuthenticationExample" duration-ms="3070" started-at="2021-02-03T21:23:22Z" finished-at="2021-02-03T21:23:25Z">
          <reporter-output>
          </reporter-output>
        </test-method> <!-- basicAuthenticationExample -->
        <test-method status="PASS" signature="preemptiveBasicAuthenticationExample()[pri:0, instance:com.ford.auto.RestAssuredSample.RESTAssured_AuthenticationExample@7d417077]" name="preemptiveBasicAuthenticationExample" duration-ms="1434" started-at="2021-02-03T21:23:25Z" finished-at="2021-02-03T21:23:27Z">
          <reporter-output>
          </reporter-output>
        </test-method> <!-- preemptiveBasicAuthenticationExample -->
      </class> <!-- com.ford.auto.RestAssuredSample.RESTAssured_AuthenticationExample -->
    </test> <!-- Default test -->
  </suite> <!-- Default suite -->
</testng-results>
