<?xml version="1.0" encoding="UTF-8"?>
<!-- Generated by org.testng.reporters.JUnitXMLReporter -->
<testsuite hostname="WGC1006WTBJC2" name="Test1" tests="3" failures="0" timestamp="18 Nov 2020 04:55:32 GMT" time="5.669" errors="0">
  <testcase name="md5JsonTest" time="5.022" classname="com.ford.auto.RestAssuredSample.RESTAssuredDataDriven"/>
  <testcase name="md5JsonTest" time="0.311" classname="com.ford.auto.RestAssuredSample.RESTAssuredDataDriven"/>
  <testcase name="md5JsonTest" time="0.295" classname="com.ford.auto.RestAssuredSample.RESTAssuredDataDriven"/>
</testsuite> <!-- Test1 -->
